{"D:\\Front-End\\portfolio\\src\\components\\Footer.tsx": {"path":"D:\\Front-End\\portfolio\\src\\components\\Footer.tsx","statementMap":{"0":{"start":{"line":1,"column":0},"end":{"line":1,"column":24}},"1":{"start":{"line":2,"column":2},"end":{"line":35,"column":4}}},"fnMap":{"0":{"name":"Footer","decl":{"start":{"line":1,"column":24},"end":{"line":1,"column":30}},"loc":{"start":{"line":1,"column":30},"end":{"line":36,"column":1}}}},"branchMap":{},"s":{"0":1,"1":4},"f":{"0":4},"b":{}}
,"D:\\Front-End\\portfolio\\src\\components\\Navbar.tsx": {"path":"D:\\Front-End\\portfolio\\src\\components\\Navbar.tsx","statementMap":{"0":{"start":{"line":3,"column":0},"end":{"line":3,"column":24}},"1":{"start":{"line":1,"column":0},"end":{"line":1,"column":40}},"2":{"start":{"line":4,"column":2},"end":{"line":31,"column":4}}},"fnMap":{"0":{"name":"Navbar","decl":{"start":{"line":3,"column":24},"end":{"line":3,"column":30}},"loc":{"start":{"line":3,"column":30},"end":{"line":32,"column":1}}}},"branchMap":{},"s":{"0":1,"1":1,"2":4},"f":{"0":4},"b":{}}
,"D:\\Front-End\\portfolio\\src\\components\\ProjectCard.tsx": {"path":"D:\\Front-End\\portfolio\\src\\components\\ProjectCard.tsx","statementMap":{"0":{"start":{"line":7,"column":0},"end":{"line":7,"column":24}},"1":{"start":{"line":8,"column":18},"end":{"line":8,"column":42}},"2":{"start":{"line":10,"column":2},"end":{"line":77,"column":4}},"3":{"start":{"line":36,"column":12},"end":{"line":37,"column":null}}},"fnMap":{"0":{"name":"ProjectCard","decl":{"start":{"line":7,"column":24},"end":{"line":7,"column":35}},"loc":{"start":{"line":7,"column":54},"end":{"line":78,"column":1}}},"1":{"name":"(anonymous_1)","decl":{"start":{"line":35,"column":32},"end":{"line":35,"column":33}},"loc":{"start":{"line":36,"column":12},"end":{"line":37,"column":null}}}},"branchMap":{"0":{"loc":{"start":{"line":13,"column":9},"end":{"line":25,"column":null}},"type":"binary-expr","locations":[{"start":{"line":13,"column":9},"end":{"line":13,"column":22}},{"start":{"line":14,"column":10},"end":{"line":24,"column":null}}]},"1":{"loc":{"start":{"line":46,"column":11},"end":{"line":61,"column":null}},"type":"cond-expr","locations":[{"start":{"line":47,"column":12},"end":{"line":51,"column":null}},{"start":{"line":56,"column":12},"end":{"line":58,"column":null}}]},"2":{"loc":{"start":{"line":64,"column":11},"end":{"line":72,"column":null}},"type":"binary-expr","locations":[{"start":{"line":64,"column":11},"end":{"line":64,"column":26}},{"start":{"line":65,"column":12},"end":{"line":69,"column":null}}]}},"s":{"0":1,"1":6,"2":6,"3":18},"f":{"0":6,"1":18},"b":{"0":[6,6],"1":[1,5],"2":[6,6]}}
,"D:\\Front-End\\portfolio\\src\\components\\ProjectFilter.tsx": {"path":"D:\\Front-End\\portfolio\\src\\components\\ProjectFilter.tsx","statementMap":{"0":{"start":{"line":18,"column":0},"end":{"line":18,"column":24}},"1":{"start":{"line":10,"column":51},"end":{"line":16,"column":2}},"2":{"start":{"line":19,"column":2},"end":{"line":40,"column":4}},"3":{"start":{"line":22,"column":25},"end":{"line":22,"column":45}},"4":{"start":{"line":24,"column":8},"end":{"line":37,"column":10}},"5":{"start":{"line":27,"column":27},"end":{"line":27,"column":46}}},"fnMap":{"0":{"name":"ProjectFilter","decl":{"start":{"line":18,"column":24},"end":{"line":18,"column":37}},"loc":{"start":{"line":18,"column":65},"end":{"line":41,"column":1}}},"1":{"name":"(anonymous_1)","decl":{"start":{"line":21,"column":19},"end":{"line":21,"column":20}},"loc":{"start":{"line":21,"column":30},"end":{"line":38,"column":7}}},"2":{"name":"(anonymous_2)","decl":{"start":{"line":27,"column":21},"end":{"line":27,"column":24}},"loc":{"start":{"line":27,"column":27},"end":{"line":27,"column":46}}}},"branchMap":{"0":{"loc":{"start":{"line":30,"column":16},"end":{"line":32,"column":null}},"type":"cond-expr","locations":[{"start":{"line":31,"column":20},"end":{"line":31,"column":45}},{"start":{"line":32,"column":20},"end":{"line":32,"column":null}}]}},"s":{"0":1,"1":1,"2":3,"3":15,"4":15,"5":1},"f":{"0":3,"1":15,"2":1},"b":{"0":[3,12]}}
}
