TN:
SF:src\components\Footer.tsx
FN:1,Footer
FNF:1
FNH:1
FNDA:4,Footer
DA:1,1
DA:2,4
LF:2
LH:2
BRF:0
BRH:0
end_of_record
TN:
SF:src\components\Navbar.tsx
FN:3,Navbar
FNF:1
FNH:1
FNDA:4,Navbar
DA:1,1
DA:3,1
DA:4,4
LF:3
LH:3
BRF:0
BRH:0
end_of_record
TN:
SF:src\components\ProjectCard.tsx
FN:7,ProjectCard
FN:35,(anonymous_1)
FNF:2
FNH:2
FNDA:6,ProjectCard
FNDA:18,(anonymous_1)
DA:7,1
DA:8,6
DA:10,6
DA:36,18
LF:4
LH:4
BRDA:13,0,0,6
BRDA:13,0,1,6
BRDA:46,1,0,1
BRDA:46,1,1,5
BRDA:64,2,0,6
BRDA:64,2,1,6
BRF:6
BRH:6
end_of_record
TN:
SF:src\components\ProjectFilter.tsx
FN:18,ProjectFilter
FN:21,(anonymous_1)
FN:27,(anonymous_2)
FNF:3
FNH:3
FNDA:3,ProjectFilter
FNDA:15,(anonymous_1)
FNDA:1,(anonymous_2)
DA:10,1
DA:18,1
DA:19,3
DA:22,15
DA:24,15
DA:27,1
LF:6
LH:6
BRDA:30,0,0,3
BRDA:30,0,1,12
BRF:2
BRH:2
end_of_record
